<?xml version="1.0" encoding="UTF-8"?>
<testsuite xmlns:xsi="http://www.w3.org/2001/XMLSchema-instance" xsi:noNamespaceSchemaLocation="https://maven.apache.org/surefire/maven-surefire-plugin/xsd/surefire-test-report-3.0.xsd" version="3.0" name="com.cairn.ui.WaypointApplicationTests" time="1.52" tests="1" errors="0" skipped="0" failures="0">
  <properties>
[...]
</properties>
  <testcase name="contextLoads" classname="com.cairn.ui.WaypointApplicationTests" time="0.414">
    <system-out><![CDATA[16:22:18.050 [main] INFO org.springframework.test.context.support.AnnotationConfigContextLoaderUtils -- Could not detect default configuration classes for test class [com.cairn.ui.WaypointApplicationTests]: WaypointApplicationTests does not declare any static, non-private, non-final, nested classes annotated with @Configuration.
16:22:18.102 [main] INFO org.springframework.boot.test.context.SpringBootTestContextBootstrapper -- Found @SpringBootConfiguration com.cairn.ui.WaypointApplication for test class com.cairn.ui.WaypointApplicationTests

  .   ____          _            __ _ _
 /\\ / ___'_ __ _ _(_)_ __  __ _ \ \ \ \
( ( )\___ | '_ | '_| | '_ \/ _` | \ \ \ \
 \\/  ___)| |_)| | | | | || (_| |  ) ) ) )
  '  |____| .__|_| |_|_| |_\__, | / / / /
 =========|_|==============|___/=/_/_/_/
 :: Spring Boot ::                (v3.2.3)

2024-02-23T16:22:18.291-06:00  INFO 4223 --- [           main] com.cairn.ui.WaypointApplicationTests    : Starting WaypointApplicationTests using Java 18 with PID 4223 (started by robbroadhead in /Users/robbroadhead/Coding/Waypoint)
2024-02-23T16:22:18.291-06:00  INFO 4223 --- [           main] com.cairn.ui.WaypointApplicationTests    : No active profile set, falling back to 1 default profile: "default"
2024-02-23T16:22:18.699-06:00  INFO 4223 --- [           main] o.s.b.a.w.s.WelcomePageHandlerMapping    : Adding welcome page: class path resource [static/index.html]
2024-02-23T16:22:18.964-06:00  INFO 4223 --- [           main] o.s.s.web.DefaultSecurityFilterChain     : Will secure any request with [org.springframework.security.web.session.DisableEncodeUrlFilter@40ef0af8, org.springframework.security.web.context.request.async.WebAsyncManagerIntegrationFilter@36790bec, org.springframework.security.web.context.SecurityContextHolderFilter@481558ce, org.springframework.security.web.header.HeaderWriterFilter@6411504a, org.springframework.web.filter.CorsFilter@461c3709, org.springframework.security.web.csrf.CsrfFilter@8bd076a, org.springframework.security.web.authentication.logout.LogoutFilter@33e434c8, org.springframework.security.oauth2.client.web.OAuth2AuthorizationRequestRedirectFilter@25f61c2c, org.springframework.security.oauth2.client.web.OAuth2LoginAuthenticationFilter@2d2b6960, org.springframework.security.web.authentication.ui.DefaultLoginPageGeneratingFilter@474179fa, org.springframework.security.web.authentication.ui.DefaultLogoutPageGeneratingFilter@7e3d7dd, org.springframework.security.web.savedrequest.RequestCacheAwareFilter@7f353a0f, org.springframework.security.web.servletapi.SecurityContextHolderAwareRequestFilter@7ea2412c, org.springframework.security.web.authentication.AnonymousAuthenticationFilter@3f63a513, org.springframework.security.web.access.ExceptionTranslationFilter@2091833, org.springframework.security.web.access.intercept.AuthorizationFilter@7f287b98]
2024-02-23T16:22:19.070-06:00  INFO 4223 --- [           main] com.cairn.ui.WaypointApplicationTests    : Started WaypointApplicationTests in 0.914 seconds (process running for 1.318)
]]></system-out>
  </testcase>
</testsuite>